<?xml version="1.0" encoding="UTF-8"?>
<testng-results ignored="0" total="1" passed="1" failed="0" skipped="0">
  <reporter-output>
  </reporter-output>
  <suite started-at="2021-01-13T12:37:15 MEZ" name="Default suite" finished-at="2021-01-13T12:38:04 MEZ" duration-ms="49633">
    <groups>
    </groups>
    <test started-at="2021-01-13T12:37:15 MEZ" name="Default test" finished-at="2021-01-13T12:38:04 MEZ" duration-ms="49633">
      <class name="com.jwt.selenium.SeleniumIntegration">
        <test-method is-config="true" signature="setUp()[pri:0, instance:com.jwt.selenium.SeleniumIntegration@42e99e4a]" started-at="2021-01-13T12:37:15 MEZ" name="setUp" finished-at="2021-01-13T12:37:27 MEZ" duration-ms="12712" status="PASS">
          <reporter-output>
          </reporter-output>
        </test-method> <!-- setUp -->
        <test-method is-config="true" signature="pressButtons()[pri:0, instance:com.jwt.selenium.SeleniumIntegration@42e99e4a]" started-at="2021-01-13T12:37:27 MEZ" name="pressButtons" finished-at="2021-01-13T12:37:45 MEZ" duration-ms="17151" status="PASS">
          <reporter-output>
          </reporter-output>
        </test-method> <!-- pressButtons -->
        <test-method signature="newBook()[pri:0, instance:com.jwt.selenium.SeleniumIntegration@42e99e4a]" started-at="2021-01-13T12:37:45 MEZ" name="newBook" finished-at="2021-01-13T12:38:03 MEZ" duration-ms="18674" status="PASS">
          <reporter-output>
          </reporter-output>
        </test-method> <!-- newBook -->
        <test-method is-config="true" signature="tearDown()[pri:0, instance:com.jwt.selenium.SeleniumIntegration@42e99e4a]" started-at="2021-01-13T12:38:03 MEZ" name="tearDown" finished-at="2021-01-13T12:38:04 MEZ" duration-ms="1056" status="PASS">
          <reporter-output>
          </reporter-output>
        </test-method> <!-- tearDown -->
      </class> <!-- com.jwt.selenium.SeleniumIntegration -->
    </test> <!-- Default test -->
  </suite> <!-- Default suite -->
</testng-results>
